-------------------------------------------------------------------------------
Micro-caso (63videos)

#APENAS VIDEOS
1processo - 16:10:23 - 16:11:59 --> 96segundos
2processos - 13:34:21 - 13:35:22 --> 61s
3processos - 13:37:37 - 13:38:38 --> 61s
4processos - 13:22:12 - 13:23:07 --> 55s
5processos - 13:25:54 - 13:26:50 --> 54s
6processos - 13:31:03 - 13:32:00 --> 57s
7processos - 13:40:50 - 13:41:44 --> 56s
8processos - 13:43:49 - 13:44:50 --> 61s
9processos - 13:47:12 - 13:48:07 --> 55s
10processos - 13:13:09 - 13:14:07 --> 58s
11processos - 13:49:48 - 13:50:43 --> 55s
12processos - 13:52:24 - 13:53:25 --> 61s

5processos - 13:54:52 - 13:55:52 --> 60s

#VIDEOS + IMAGENS
1processo - 14:03:53 - 14:05:39 --> 92s
5processos - 14:10:58 - 14:12:05 --> 63s

90/60 --> 67% do tempo
-----------------------------------------------------------------------------------

H:\TESTES_DESENV\reports\Laudo 380-2017-SETEC-RN - 728MB
2017-08-23 15:55:28.055792 -::- Número Total de videos: 3
2017-08-23 15:55:28.064301 -::- Número Total de imagens: 428

1processo - 16:13:28 - 16:18:37 --> 5min09s (309s)
5processos - 15:55:32 - 15:58:22 --> 2min50s(170s)

170/309 = 55% do tempo

-----------------------------------------------------------------------------------
H:\TESTES_DESENV\reports\Laudo 447-2017-SETEC-RN - 3,17GB
2017-08-23 16:24:45.625626 -::- Número Total de videos: 448
2017-08-23 16:24:45.631131 -::- Número Total de imagens: 495

1processo - 
5processos - 16:24:45 - 16:34:38 --> 9min53s (593s)


